# translation-git-entries.lis
# textfile containing git history for ticket #21 (language update)
# generated by 
# git log  "--grep=#21" "--pretty=format:%ci %s"
# sort by date desc

2011-08-21

2018-08-20 08:21:36 +0200 #21: ar by Vitality
2018-08-20 08:18:22 +0200 #21: zh-CN) by Forbidden (cptbl00dra1n)
2018-08-02 11:18:20 +0200 #21: es by Andreaevangelina
2018-08-02 11:16:24 +0200 #21: it .Rogue.
2018-08-02 11:13:34 +0200 #21: fr Poussinou
2018-07-28 10:50:52 +0200 #21: fr by Tuuux and Poussinou
2018-07-28 10:48:26 +0200 #21: ru by Dmitry Zhgun (trupizzza)
2018-03-12 11:29:35 +0100 #21: tr Boyut, pt-BR Lucas Magalhães (whoisroot), ja naofu, fr Tuuux, fr Poussinou, de k3b
2018-02-08 15:36:44 +0100 #21: ja by naofum
2018-01-22 22:41:11 +0100 #21: ru by ku ku(2ku)
2018-01-15 08:39:31 +0100 #21: es (100%) by Dani Certad (daniconejito)
2018-01-09 22:49:15 +0100 #21: es, fr, ja, zh-CN
2017-11-22 00:52:26 +0100 #21: zh by Liu Feng (pitumaomao)
2017-11-22 00:48:42 +0100 #21: zh by Liu Feng (pitumaomao)
2017-11-19 15:44:15 +0100 #21: in by "isaideureka"
2017-11-16 20:38:56 +0100 #21: ja (by naofum" )
2017-11-13 21:29:25 +0100 #21: zh by rosatravels .
2017-09-11 22:52:13 +0200 #21: nl by ookikgavertalen 
2017-07-27 16:02:16 +0200 #21: : zh (zh) by Liu Feng (pitumaomao)
2017-07-22 09:20:33 +0200 #21: ja / tr 
2017-05-15 08:09:58 +0200 #21 #86: tr srkns stringlate
2017-04-01 16:10:21 +0200 #21: for 0.6.0 : ar by medowill
2017-03-27 08:15:03 +0200 #21: : it by random_r, fr by Tuuux
2017-03-18 14:32:03 +0100 #21: for 0.6.0 : tr by erdenerr
2017-03-18 13:34:14 +0100 #21: for 0.6.0 : pt-BR by Nana13
2017-03-06 08:44:38 +0100 #21: for 0.5.5 : ja by "naofum"
2017-02-27 23:40:11 +0100 #21: translations: ru by "divizdev" and special translators with ids
2017-01-19 20:00:17 +0100 #21: more fr by tuuux
2016-12-08 14:42:05 +0100 #21: for 0.5.5 : it by "random_r", ja by "naofum"
2016-12-05 19:42:28 +0100 #21: more fr by tuuux
2016-11-28 23:06:25 +0100 #21: more fr by tuuux
2016-09-23 10:25:09 +0200 #21: more : it by "random_r", ja by "naofum",nl by keunes
2016-09-10 18:53:39 +0200 #21: more nl by keunes 
2016-08-09 18:20:34 +0200 #21 added pl "Maselkowicz".
2016-07-12 20:16:47 +0200 #21: merged app from crowdwin. it by "random_r"; ja by naofum
2016-06-20 15:03:09 +0200 #21 it "random_r"
2016-05-18 18:58:06 +0200 #21 d ja and pt-BR
2016-05-17 16:22:35 +0200 #21 added nl keunes
2016-05-09 10:00:14 +0200 #21 added it "random_r"
2016-03-04 12:11:17 +0100 #21: merged app with crowdwin. Added es 
2016-01-20 17:26:49 +0100 #21 added ro language by mironeasav
2016-01-11 16:14:22 +0100 #21: fr by tuuux
2016-01-08 10:46:11 +0100 #21: fr by tuuux
2016-01-07 17:23:00 +0100 #21 ja by naofum 

